{"/Users/adriendeperetti/Documents/02-personnel/01-projects/medusa-extender/src/contants.ts": {"path":"/Users/adriendeperetti/Documents/02-personnel/01-projects/medusa-extender/src/contants.ts","statementMap":{"0":{"start":{"line":4,"column":26},"end":{"line":4,"column":null}},"1":{"start":{"line":4,"column":13},"end":{"line":4,"column":26}},"2":{"start":{"line":9,"column":38},"end":{"line":9,"column":null}},"3":{"start":{"line":9,"column":13},"end":{"line":9,"column":38}},"4":{"start":{"line":14,"column":36},"end":{"line":44,"column":1}},"5":{"start":{"line":14,"column":13},"end":{"line":14,"column":36}}},"fnMap":{},"branchMap":{},"s":{"0":7,"1":7,"2":7,"3":7,"4":7,"5":7},"f":{},"b":{}}
,"/Users/adriendeperetti/Documents/02-personnel/01-projects/medusa-extender/src/event-emmiter.ts": {"path":"/Users/adriendeperetti/Documents/02-personnel/01-projects/medusa-extender/src/event-emmiter.ts","statementMap":{"0":{"start":{"line":1,"column":37},"end":{"line":1,"column":null}},"1":{"start":{"line":4,"column":60},"end":{"line":4,"column":null}},"2":{"start":{"line":32,"column":21},"end":{"line":32,"column":58}},"3":{"start":{"line":33,"column":2},"end":{"line":35,"column":3}},"4":{"start":{"line":34,"column":3},"end":{"line":34,"column":null}},"5":{"start":{"line":36,"column":2},"end":{"line":36,"column":null}},"6":{"start":{"line":44,"column":2},"end":{"line":44,"column":null}},"7":{"start":{"line":46,"column":2},"end":{"line":65,"column":3}},"8":{"start":{"line":47,"column":49},"end":{"line":47,"column":67}},"9":{"start":{"line":48,"column":23},"end":{"line":49,"column":null}},"10":{"start":{"line":51,"column":29},"end":{"line":51,"column":43}},"11":{"start":{"line":54,"column":3},"end":{"line":62,"column":4}},"12":{"start":{"line":55,"column":4},"end":{"line":55,"column":null}},"13":{"start":{"line":57,"column":25},"end":{"line":57,"column":38}},"14":{"start":{"line":58,"column":31},"end":{"line":59,"column":null}},"15":{"start":{"line":61,"column":4},"end":{"line":61,"column":null}},"16":{"start":{"line":64,"column":3},"end":{"line":64,"column":null}},"17":{"start":{"line":69,"column":2},"end":{"line":72,"column":3}},"18":{"start":{"line":70,"column":25},"end":{"line":70,"column":43}},"19":{"start":{"line":71,"column":3},"end":{"line":71,"column":null}},"20":{"start":{"line":81,"column":29},"end":{"line":81,"column":null}},"21":{"start":{"line":82,"column":2},"end":{"line":84,"column":3}},"22":{"start":{"line":83,"column":3},"end":{"line":83,"column":null}},"23":{"start":{"line":86,"column":2},"end":{"line":94,"column":null}},"24":{"start":{"line":87,"column":3},"end":{"line":93,"column":null}},"25":{"start":{"line":90,"column":5},"end":{"line":90,"column":null}},"26":{"start":{"line":90,"column":14},"end":{"line":90,"column":null}},"27":{"start":{"line":91,"column":5},"end":{"line":91,"column":null}},"28":{"start":{"line":22,"column":2},"end":{"line":22,"column":null}},"29":{"start":{"line":19,"column":11},"end":{"line":19,"column":39}},"30":{"start":{"line":102,"column":34},"end":{"line":102,"column":null}},"31":{"start":{"line":102,"column":13},"end":{"line":102,"column":34}}},"fnMap":{"0":{"name":"(anonymous_1)","decl":{"start":{"line":31,"column":8},"end":{"line":31,"column":16}},"loc":{"start":{"line":31,"column":95},"end":{"line":37,"column":2}}},"1":{"name":"(anonymous_2)","decl":{"start":{"line":43,"column":8},"end":{"line":43,"column":25}},"loc":{"start":{"line":43,"column":60},"end":{"line":66,"column":2}}},"2":{"name":"(anonymous_3)","decl":{"start":{"line":68,"column":8},"end":{"line":68,"column":27}},"loc":{"start":{"line":68,"column":36},"end":{"line":73,"column":2}}},"3":{"name":"(anonymous_4)","decl":{"start":{"line":79,"column":4},"end":{"line":79,"column":null}},"loc":{"start":{"line":80,"column":107},"end":{"line":95,"column":2}}},"4":{"name":"(anonymous_5)","decl":{"start":{"line":86,"column":20},"end":{"line":86,"column":22}},"loc":{"start":{"line":86,"column":42},"end":{"line":94,"column":3}}},"5":{"name":"(anonymous_6)","decl":{"start":{"line":89,"column":19},"end":{"line":89,"column":22}},"loc":{"start":{"line":89,"column":53},"end":{"line":92,"column":5}}},"6":{"name":"(anonymous_7)","decl":{"start":{"line":21,"column":15},"end":{"line":21,"column":16}},"loc":{"start":{"line":21,"column":15},"end":{"line":23,"column":2}}}},"branchMap":{"0":{"loc":{"start":{"line":33,"column":2},"end":{"line":35,"column":3}},"type":"if","locations":[{"start":{"line":33,"column":2},"end":{"line":35,"column":3}}]},"1":{"loc":{"start":{"line":54,"column":3},"end":{"line":62,"column":4}},"type":"if","locations":[{"start":{"line":54,"column":3},"end":{"line":62,"column":4}},{"start":{"line":56,"column":10},"end":{"line":62,"column":4}}]},"2":{"loc":{"start":{"line":82,"column":2},"end":{"line":84,"column":3}},"type":"if","locations":[{"start":{"line":82,"column":2},"end":{"line":84,"column":3}}]},"3":{"loc":{"start":{"line":90,"column":5},"end":{"line":90,"column":null}},"type":"if","locations":[{"start":{"line":90,"column":5},"end":{"line":90,"column":null}}]}},"s":{"0":7,"1":7,"2":6,"3":6,"4":0,"5":6,"6":1,"7":1,"8":6,"9":6,"10":6,"11":6,"12":6,"13":0,"14":0,"15":0,"16":6,"17":1,"18":6,"19":6,"20":1,"21":1,"22":0,"23":1,"24":1,"25":1,"26":0,"27":1,"28":7,"29":7,"30":7,"31":7},"f":{"0":6,"1":1,"2":1,"3":1,"4":1,"5":1,"6":7},"b":{"0":[0],"1":[6,0],"2":[0],"3":[0]}}
,"/Users/adriendeperetti/Documents/02-personnel/01-projects/medusa-extender/src/index.ts": {"path":"/Users/adriendeperetti/Documents/02-personnel/01-projects/medusa-extender/src/index.ts","statementMap":{"0":{"start":{"line":4,"column":9},"end":{"line":4,"column":null}},"1":{"start":{"line":5,"column":9},"end":{"line":5,"column":31}},"2":{"start":{"line":8,"column":1},"end":{"line":8,"column":null}},"3":{"start":{"line":9,"column":1},"end":{"line":9,"column":null}},"4":{"start":{"line":10,"column":1},"end":{"line":10,"column":null}},"5":{"start":{"line":11,"column":1},"end":{"line":11,"column":null}},"6":{"start":{"line":12,"column":1},"end":{"line":12,"column":null}},"7":{"start":{"line":13,"column":1},"end":{"line":13,"column":null}},"8":{"start":{"line":14,"column":1},"end":{"line":14,"column":null}},"9":{"start":{"line":15,"column":1},"end":{"line":15,"column":null}},"10":{"start":{"line":16,"column":1},"end":{"line":16,"column":null}},"11":{"start":{"line":17,"column":1},"end":{"line":17,"column":null}},"12":{"start":{"line":18,"column":1},"end":{"line":18,"column":null}},"13":{"start":{"line":19,"column":1},"end":{"line":19,"column":null}},"14":{"start":{"line":20,"column":1},"end":{"line":20,"column":null}},"15":{"start":{"line":23,"column":41},"end":{"line":23,"column":null}},"16":{"start":{"line":25,"column":21},"end":{"line":28,"column":1}},"17":{"start":{"line":25,"column":13},"end":{"line":25,"column":21}}},"fnMap":{},"branchMap":{},"s":{"0":0,"1":14,"2":1,"3":0,"4":0,"5":0,"6":0,"7":0,"8":0,"9":0,"10":1,"11":0,"12":0,"13":0,"14":0,"15":7,"16":7,"17":7},"f":{},"b":{}}
,"/Users/adriendeperetti/Documents/02-personnel/01-projects/medusa-extender/src/loader.ts": {"path":"/Users/adriendeperetti/Documents/02-personnel/01-projects/medusa-extender/src/loader.ts","statementMap":{"0":{"start":{"line":1,"column":51},"end":{"line":1,"column":null}},"1":{"start":{"line":5,"column":31},"end":{"line":5,"column":null}},"2":{"start":{"line":6,"column":50},"end":{"line":6,"column":null}},"3":{"start":{"line":17,"column":18},"end":{"line":17,"column":null}},"4":{"start":{"line":36,"column":31},"end":{"line":36,"column":null}},"5":{"start":{"line":38,"column":2},"end":{"line":38,"column":null}},"6":{"start":{"line":39,"column":2},"end":{"line":39,"column":null}},"7":{"start":{"line":40,"column":2},"end":{"line":40,"column":null}},"8":{"start":{"line":41,"column":2},"end":{"line":41,"column":null}},"9":{"start":{"line":42,"column":2},"end":{"line":42,"column":null}},"10":{"start":{"line":43,"column":2},"end":{"line":43,"column":null}},"11":{"start":{"line":17,"column":7},"end":{"line":44,"column":null}},"12":{"start":{"line":46,"column":43},"end":{"line":49,"column":null}},"13":{"start":{"line":17,"column":7},"end":{"line":51,"column":null}},"14":{"start":{"line":53,"column":2},"end":{"line":53,"column":null}},"15":{"start":{"line":5,"column":22},"end":{"line":55,"column":null}},"16":{"start":{"line":56,"column":2},"end":{"line":56,"column":null}},"17":{"start":{"line":29,"column":13},"end":{"line":29,"column":null}}},"fnMap":{"0":{"name":"(anonymous_0)","decl":{"start":{"line":34,"column":4},"end":{"line":34,"column":null}},"loc":{"start":{"line":35,"column":97},"end":{"line":57,"column":2}}}},"branchMap":{},"s":{"0":7,"1":7,"2":7,"3":7,"4":0,"5":0,"6":0,"7":0,"8":0,"9":0,"10":0,"11":0,"12":0,"13":0,"14":0,"15":0,"16":0,"17":7},"f":{"0":0},"b":{}}
,"/Users/adriendeperetti/Documents/02-personnel/01-projects/medusa-extender/src/medusa.ts": {"path":"/Users/adriendeperetti/Documents/02-personnel/01-projects/medusa-extender/src/medusa.ts","statementMap":{"0":{"start":{"line":2,"column":33},"end":{"line":2,"column":null}},"1":{"start":{"line":24,"column":2},"end":{"line":24,"column":null}},"2":{"start":{"line":16,"column":8},"end":{"line":16,"column":null}},"3":{"start":{"line":17,"column":8},"end":{"line":17,"column":null}},"4":{"start":{"line":7,"column":13},"end":{"line":7,"column":null}},"5":{"start":{"line":8,"column":18},"end":{"line":8,"column":28}},"6":{"start":{"line":9,"column":18},"end":{"line":9,"column":27}}},"fnMap":{"0":{"name":"(anonymous_2)","decl":{"start":{"line":22,"column":4},"end":{"line":22,"column":null}},"loc":{"start":{"line":23,"column":54},"end":{"line":25,"column":2}}},"1":{"name":"(anonymous_3)","decl":{"start":{"line":14,"column":4},"end":{"line":14,"column":null}},"loc":{"start":{"line":15,"column":48},"end":{"line":18,"column":2}}}},"branchMap":{},"s":{"0":7,"1":0,"2":0,"3":0,"4":7,"5":7,"6":7},"f":{"0":0,"1":0},"b":{}}
,"/Users/adriendeperetti/Documents/02-personnel/01-projects/medusa-extender/src/metadata-reader.ts": {"path":"/Users/adriendeperetti/Documents/02-personnel/01-projects/medusa-extender/src/metadata-reader.ts","statementMap":{"0":{"start":{"line":15,"column":16},"end":{"line":15,"column":31}},"1":{"start":{"line":43,"column":16},"end":{"line":43,"column":null}},"2":{"start":{"line":2,"column":31},"end":{"line":2,"column":null}},"3":{"start":{"line":3,"column":63},"end":{"line":3,"column":null}},"4":{"start":{"line":7,"column":2},"end":{"line":7,"column":null}},"5":{"start":{"line":16,"column":20},"end":{"line":16,"column":null}},"6":{"start":{"line":18,"column":1},"end":{"line":33,"column":2}},"7":{"start":{"line":19,"column":24},"end":{"line":19,"column":null}},"8":{"start":{"line":21,"column":2},"end":{"line":32,"column":3}},"9":{"start":{"line":22,"column":19},"end":{"line":22,"column":null}},"10":{"start":{"line":25,"column":3},"end":{"line":29,"column":4}},"11":{"start":{"line":26,"column":4},"end":{"line":26,"column":null}},"12":{"start":{"line":28,"column":4},"end":{"line":28,"column":null}},"13":{"start":{"line":31,"column":3},"end":{"line":31,"column":null}},"14":{"start":{"line":35,"column":1},"end":{"line":35,"column":null}},"15":{"start":{"line":46,"column":1},"end":{"line":46,"column":null}}},"fnMap":{"0":{"name":"(anonymous_4)","decl":{"start":{"line":6,"column":1},"end":{"line":6,"column":4}},"loc":{"start":{"line":6,"column":113},"end":{"line":8,"column":2}}},"1":{"name":"metadataReader","decl":{"start":{"line":15,"column":16},"end":{"line":15,"column":30}},"loc":{"start":{"line":15,"column":59},"end":{"line":36,"column":1}}},"2":{"name":"componentsMetadataReader","decl":{"start":{"line":43,"column":16},"end":{"line":43,"column":40}},"loc":{"start":{"line":45,"column":74},"end":{"line":47,"column":1}}}},"branchMap":{"0":{"loc":{"start":{"line":25,"column":3},"end":{"line":29,"column":4}},"type":"if","locations":[{"start":{"line":25,"column":3},"end":{"line":29,"column":4}},{"start":{"line":27,"column":10},"end":{"line":29,"column":4}}]},"1":{"loc":{"start":{"line":25,"column":7},"end":{"line":25,"column":61}},"type":"binary-expr","locations":[{"start":{"line":25,"column":7},"end":{"line":25,"column":40}},{"start":{"line":25,"column":40},"end":{"line":25,"column":61}}]},"2":{"loc":{"start":{"line":31,"column":37},"end":{"line":31,"column":71}},"type":"cond-expr","locations":[{"start":{"line":31,"column":37},"end":{"line":31,"column":47}},{"start":{"line":31,"column":69},"end":{"line":31,"column":71}}]},"3":{"loc":{"start":{"line":31,"column":37},"end":{"line":31,"column":69}},"type":"binary-expr","locations":[{"start":{"line":31,"column":37},"end":{"line":31,"column":65}},{"start":{"line":31,"column":37},"end":{"line":31,"column":69}}]}},"s":{"0":7,"1":7,"2":7,"3":7,"4":15,"5":6,"6":6,"7":6,"8":6,"9":8,"10":8,"11":1,"12":7,"13":8,"14":6,"15":14},"f":{"0":15,"1":6,"2":14},"b":{"0":[1,7],"1":[8,2],"2":[1,7],"3":[8,8]}}
,"/Users/adriendeperetti/Documents/02-personnel/01-projects/medusa-extender/src/utils.ts": {"path":"/Users/adriendeperetti/Documents/02-personnel/01-projects/medusa-extender/src/utils.ts","statementMap":{"0":{"start":{"line":1,"column":12},"end":{"line":1,"column":null}},"1":{"start":{"line":21,"column":2},"end":{"line":29,"column":null}},"2":{"start":{"line":22,"column":3},"end":{"line":28,"column":4}},"3":{"start":{"line":23,"column":4},"end":{"line":26,"column":null}},"4":{"start":{"line":31,"column":2},"end":{"line":31,"column":null}},"5":{"start":{"line":45,"column":26},"end":{"line":47,"column":null}},"6":{"start":{"line":46,"column":3},"end":{"line":46,"column":null}},"7":{"start":{"line":49,"column":32},"end":{"line":49,"column":null}},"8":{"start":{"line":50,"column":2},"end":{"line":54,"column":3}},"9":{"start":{"line":51,"column":3},"end":{"line":51,"column":null}},"10":{"start":{"line":53,"column":3},"end":{"line":53,"column":null}},"11":{"start":{"line":62,"column":2},"end":{"line":62,"column":null}},"12":{"start":{"line":71,"column":15},"end":{"line":71,"column":null}},"13":{"start":{"line":72,"column":2},"end":{"line":72,"column":null}},"14":{"start":{"line":82,"column":2},"end":{"line":93,"column":3}},"15":{"start":{"line":83,"column":3},"end":{"line":83,"column":null}},"16":{"start":{"line":84,"column":9},"end":{"line":93,"column":3}},"17":{"start":{"line":85,"column":3},"end":{"line":85,"column":null}},"18":{"start":{"line":86,"column":9},"end":{"line":93,"column":3}},"19":{"start":{"line":87,"column":23},"end":{"line":87,"column":null}},"20":{"start":{"line":88,"column":3},"end":{"line":91,"column":null}},"21":{"start":{"line":102,"column":2},"end":{"line":113,"column":3}},"22":{"start":{"line":103,"column":3},"end":{"line":103,"column":null}},"23":{"start":{"line":104,"column":9},"end":{"line":113,"column":3}},"24":{"start":{"line":105,"column":3},"end":{"line":105,"column":null}},"25":{"start":{"line":107,"column":17},"end":{"line":111,"column":null}},"26":{"start":{"line":112,"column":3},"end":{"line":112,"column":null}},"27":{"start":{"line":10,"column":13},"end":{"line":10,"column":null}}},"fnMap":{"0":{"name":"(anonymous_0)","decl":{"start":{"line":16,"column":4},"end":{"line":16,"column":null}},"loc":{"start":{"line":20,"column":36},"end":{"line":32,"column":2}}},"1":{"name":"(anonymous_1)","decl":{"start":{"line":21,"column":63},"end":{"line":21,"column":65}},"loc":{"start":{"line":21,"column":74},"end":{"line":29,"column":3}}},"2":{"name":"(anonymous_2)","decl":{"start":{"line":39,"column":4},"end":{"line":39,"column":null}},"loc":{"start":{"line":44,"column":9},"end":{"line":55,"column":2}}},"3":{"name":"(anonymous_3)","decl":{"start":{"line":45,"column":58},"end":{"line":45,"column":60}},"loc":{"start":{"line":45,"column":102},"end":{"line":47,"column":3}}},"4":{"name":"(anonymous_4)","decl":{"start":{"line":60,"column":4},"end":{"line":60,"column":null}},"loc":{"start":{"line":61,"column":42},"end":{"line":63,"column":2}}},"5":{"name":"(anonymous_5)","decl":{"start":{"line":69,"column":4},"end":{"line":69,"column":null}},"loc":{"start":{"line":70,"column":65},"end":{"line":73,"column":2}}},"6":{"name":"(anonymous_6)","decl":{"start":{"line":80,"column":4},"end":{"line":80,"column":null}},"loc":{"start":{"line":81,"column":56},"end":{"line":94,"column":2}}},"7":{"name":"(anonymous_7)","decl":{"start":{"line":100,"column":4},"end":{"line":100,"column":null}},"loc":{"start":{"line":101,"column":80},"end":{"line":114,"column":2}}}},"branchMap":{"0":{"loc":{"start":{"line":22,"column":3},"end":{"line":28,"column":4}},"type":"if","locations":[{"start":{"line":22,"column":3},"end":{"line":28,"column":4}}]},"1":{"loc":{"start":{"line":22,"column":7},"end":{"line":22,"column":63}},"type":"binary-expr","locations":[{"start":{"line":22,"column":7},"end":{"line":22,"column":34}},{"start":{"line":22,"column":29},"end":{"line":22,"column":63}}]},"2":{"loc":{"start":{"line":50,"column":2},"end":{"line":54,"column":3}},"type":"if","locations":[{"start":{"line":50,"column":2},"end":{"line":54,"column":3}},{"start":{"line":52,"column":9},"end":{"line":54,"column":3}}]},"3":{"loc":{"start":{"line":82,"column":2},"end":{"line":93,"column":3}},"type":"if","locations":[{"start":{"line":82,"column":2},"end":{"line":93,"column":3}},{"start":{"line":84,"column":9},"end":{"line":93,"column":3}}]},"4":{"loc":{"start":{"line":84,"column":9},"end":{"line":93,"column":3}},"type":"if","locations":[{"start":{"line":84,"column":9},"end":{"line":93,"column":3}},{"start":{"line":86,"column":9},"end":{"line":93,"column":3}}]},"5":{"loc":{"start":{"line":84,"column":13},"end":{"line":84,"column":58}},"type":"binary-expr","locations":[{"start":{"line":84,"column":13},"end":{"line":84,"column":40}},{"start":{"line":84,"column":40},"end":{"line":84,"column":58}}]},"6":{"loc":{"start":{"line":86,"column":9},"end":{"line":93,"column":3}},"type":"if","locations":[{"start":{"line":86,"column":9},"end":{"line":93,"column":3}}]},"7":{"loc":{"start":{"line":102,"column":2},"end":{"line":113,"column":3}},"type":"if","locations":[{"start":{"line":102,"column":2},"end":{"line":113,"column":3}},{"start":{"line":104,"column":9},"end":{"line":113,"column":3}}]},"8":{"loc":{"start":{"line":104,"column":9},"end":{"line":113,"column":3}},"type":"if","locations":[{"start":{"line":104,"column":9},"end":{"line":113,"column":3}},{"start":{"line":106,"column":9},"end":{"line":113,"column":3}}]},"9":{"loc":{"start":{"line":112,"column":10},"end":{"line":112,"column":null}},"type":"cond-expr","locations":[{"start":{"line":112,"column":18},"end":{"line":112,"column":64}},{"start":{"line":112,"column":64},"end":{"line":112,"column":null}}]}},"s":{"0":7,"1":2,"2":6,"3":4,"4":2,"5":0,"6":0,"7":0,"8":0,"9":0,"10":0,"11":0,"12":8,"13":8,"14":0,"15":0,"16":0,"17":0,"18":0,"19":0,"20":0,"21":0,"22":0,"23":0,"24":0,"25":0,"26":0,"27":7},"f":{"0":2,"1":6,"2":0,"3":0,"4":0,"5":8,"6":0,"7":0},"b":{"0":[4],"1":[6,4],"2":[0,0],"3":[0,0],"4":[0,0],"5":[0,0],"6":[0],"7":[0,0],"8":[0,0],"9":[0,0]}}
,"/Users/adriendeperetti/Documents/02-personnel/01-projects/medusa-extender/src/decorators/components.decorator.ts": {"path":"/Users/adriendeperetti/Documents/02-personnel/01-projects/medusa-extender/src/decorators/components.decorator.ts","statementMap":{"0":{"start":{"line":15,"column":16},"end":{"line":15,"column":36}},"1":{"start":{"line":24,"column":16},"end":{"line":24,"column":37}},"2":{"start":{"line":33,"column":16},"end":{"line":33,"column":40}},"3":{"start":{"line":42,"column":16},"end":{"line":42,"column":27}},"4":{"start":{"line":50,"column":16},"end":{"line":50,"column":44}},"5":{"start":{"line":59,"column":16},"end":{"line":59,"column":23}},"6":{"start":{"line":8,"column":11},"end":{"line":8,"column":null}},"7":{"start":{"line":16,"column":1},"end":{"line":16,"column":null}},"8":{"start":{"line":25,"column":1},"end":{"line":25,"column":null}},"9":{"start":{"line":34,"column":1},"end":{"line":34,"column":null}},"10":{"start":{"line":43,"column":1},"end":{"line":43,"column":null}},"11":{"start":{"line":51,"column":1},"end":{"line":51,"column":null}},"12":{"start":{"line":60,"column":1},"end":{"line":60,"column":null}}},"fnMap":{"0":{"name":"Entity","decl":{"start":{"line":15,"column":16},"end":{"line":15,"column":22}},"loc":{"start":{"line":15,"column":89},"end":{"line":17,"column":1}}},"1":{"name":"Service","decl":{"start":{"line":24,"column":16},"end":{"line":24,"column":23}},"loc":{"start":{"line":24,"column":91},"end":{"line":26,"column":1}}},"2":{"name":"Repository","decl":{"start":{"line":33,"column":16},"end":{"line":33,"column":26}},"loc":{"start":{"line":33,"column":97},"end":{"line":35,"column":1}}},"3":{"name":"Middleware","decl":{"start":{"line":42,"column":16},"end":{"line":42,"column":26}},"loc":{"start":{"line":42,"column":80},"end":{"line":44,"column":1}}},"4":{"name":"Migration","decl":{"start":{"line":50,"column":16},"end":{"line":50,"column":25}},"loc":{"start":{"line":50,"column":44},"end":{"line":52,"column":1}}},"5":{"name":"Router","decl":{"start":{"line":59,"column":16},"end":{"line":59,"column":22}},"loc":{"start":{"line":59,"column":72},"end":{"line":61,"column":1}}}},"branchMap":{},"s":{"0":7,"1":7,"2":7,"3":7,"4":7,"5":7,"6":7,"7":6,"8":2,"9":3,"10":3,"11":2,"12":1},"f":{"0":6,"1":2,"2":3,"3":3,"4":2,"5":1},"b":{}}
,"/Users/adriendeperetti/Documents/02-personnel/01-projects/medusa-extender/src/decorators/module.decorator.ts": {"path":"/Users/adriendeperetti/Documents/02-personnel/01-projects/medusa-extender/src/decorators/module.decorator.ts","statementMap":{"0":{"start":{"line":9,"column":16},"end":{"line":9,"column":23}},"1":{"start":{"line":2,"column":37},"end":{"line":2,"column":null}},"2":{"start":{"line":10,"column":1},"end":{"line":12,"column":null}},"3":{"start":{"line":11,"column":2},"end":{"line":11,"column":null}}},"fnMap":{"0":{"name":"Module","decl":{"start":{"line":9,"column":16},"end":{"line":9,"column":22}},"loc":{"start":{"line":9,"column":73},"end":{"line":13,"column":1}}},"1":{"name":"(anonymous_1)","decl":{"start":{"line":10,"column":7},"end":{"line":10,"column":9}},"loc":{"start":{"line":10,"column":28},"end":{"line":12,"column":2}}}},"branchMap":{},"s":{"0":7,"1":7,"2":7,"3":7},"f":{"0":7,"1":7},"b":{}}
,"/Users/adriendeperetti/Documents/02-personnel/01-projects/medusa-extender/src/decorators/onMedusaEntityEvent.decorator.ts": {"path":"/Users/adriendeperetti/Documents/02-personnel/01-projects/medusa-extender/src/decorators/onMedusaEntityEvent.decorator.ts","statementMap":{"0":{"start":{"line":4,"column":34},"end":{"line":4,"column":null}},"1":{"start":{"line":47,"column":8},"end":{"line":47,"column":null}},"2":{"start":{"line":51,"column":8},"end":{"line":51,"column":null}},"3":{"start":{"line":55,"column":8},"end":{"line":55,"column":null}},"4":{"start":{"line":59,"column":8},"end":{"line":59,"column":null}},"5":{"start":{"line":63,"column":8},"end":{"line":63,"column":null}},"6":{"start":{"line":67,"column":8},"end":{"line":67,"column":null}},"7":{"start":{"line":74,"column":8},"end":{"line":74,"column":null}},"8":{"start":{"line":81,"column":8},"end":{"line":81,"column":null}},"9":{"start":{"line":88,"column":8},"end":{"line":88,"column":null}},"10":{"start":{"line":96,"column":14},"end":{"line":96,"column":null}},"11":{"start":{"line":97,"column":8},"end":{"line":97,"column":null}},"12":{"start":{"line":43,"column":14},"end":{"line":43,"column":null}},"13":{"start":{"line":38,"column":13},"end":{"line":38,"column":null}},"14":{"start":{"line":39,"column":18},"end":{"line":39,"column":27}},"15":{"start":{"line":40,"column":17},"end":{"line":40,"column":23}},"16":{"start":{"line":115,"column":4},"end":{"line":142,"column":null}},"17":{"start":{"line":116,"column":25},"end":{"line":116,"column":41}},"18":{"start":{"line":117,"column":8},"end":{"line":139,"column":null}},"19":{"start":{"line":121,"column":16},"end":{"line":121,"column":null}},"20":{"start":{"line":123,"column":12},"end":{"line":125,"column":13}},"21":{"start":{"line":124,"column":16},"end":{"line":124,"column":null}},"22":{"start":{"line":127,"column":28},"end":{"line":127,"column":null}},"23":{"start":{"line":128,"column":12},"end":{"line":138,"column":13}},"24":{"start":{"line":129,"column":16},"end":{"line":135,"column":null}},"25":{"start":{"line":131,"column":24},"end":{"line":131,"column":null}},"26":{"start":{"line":134,"column":24},"end":{"line":134,"column":null}},"27":{"start":{"line":137,"column":16},"end":{"line":137,"column":null}},"28":{"start":{"line":4,"column":29},"end":{"line":141,"column":null}}},"fnMap":{"0":{"name":"(anonymous_2)","decl":{"start":{"line":46,"column":15},"end":{"line":46,"column":21}},"loc":{"start":{"line":46,"column":45},"end":{"line":48,"column":5}}},"1":{"name":"(anonymous_3)","decl":{"start":{"line":50,"column":15},"end":{"line":50,"column":20}},"loc":{"start":{"line":50,"column":44},"end":{"line":52,"column":5}}},"2":{"name":"(anonymous_4)","decl":{"start":{"line":54,"column":19},"end":{"line":54,"column":24}},"loc":{"start":{"line":54,"column":60},"end":{"line":56,"column":5}}},"3":{"name":"(anonymous_5)","decl":{"start":{"line":58,"column":11},"end":{"line":58,"column":22}},"loc":{"start":{"line":58,"column":68},"end":{"line":60,"column":5}}},"4":{"name":"(anonymous_6)","decl":{"start":{"line":62,"column":11},"end":{"line":62,"column":22}},"loc":{"start":{"line":62,"column":68},"end":{"line":64,"column":5}}},"5":{"name":"(anonymous_7)","decl":{"start":{"line":66,"column":11},"end":{"line":66,"column":22}},"loc":{"start":{"line":66,"column":68},"end":{"line":68,"column":5}}},"6":{"name":"(anonymous_8)","decl":{"start":{"line":70,"column":11},"end":{"line":70,"column":17}},"loc":{"start":{"line":73,"column":23},"end":{"line":75,"column":5}}},"7":{"name":"(anonymous_9)","decl":{"start":{"line":77,"column":11},"end":{"line":77,"column":17}},"loc":{"start":{"line":80,"column":23},"end":{"line":82,"column":5}}},"8":{"name":"(anonymous_10)","decl":{"start":{"line":84,"column":11},"end":{"line":84,"column":17}},"loc":{"start":{"line":87,"column":23},"end":{"line":89,"column":5}}},"9":{"name":"(anonymous_11)","decl":{"start":{"line":91,"column":12},"end":{"line":91,"column":26}},"loc":{"start":{"line":95,"column":6},"end":{"line":98,"column":5}}},"10":{"name":"(anonymous_12)","decl":{"start":{"line":42,"column":16},"end":{"line":42,"column":29}},"loc":{"start":{"line":42,"column":31},"end":{"line":44,"column":5}}},"11":{"name":"OnMedusaEntityEventDecorator","decl":{"start":{"line":108,"column":9},"end":{"line":108,"column":37}},"loc":{"start":{"line":114,"column":19},"end":{"line":143,"column":1}}},"12":{"name":"(anonymous_14)","decl":{"start":{"line":115,"column":10},"end":{"line":115,"column":12}},"loc":{"start":{"line":115,"column":87},"end":{"line":142,"column":5}}},"13":{"name":"(anonymous_15)","decl":{"start":{"line":117,"column":24},"end":{"line":117,"column":54}},"loc":{"start":{"line":117,"column":82},"end":{"line":139,"column":9}}},"14":{"name":"(anonymous_16)","decl":{"start":{"line":130,"column":25},"end":{"line":130,"column":27}},"loc":{"start":{"line":130,"column":44},"end":{"line":132,"column":21}}},"15":{"name":"(anonymous_17)","decl":{"start":{"line":133,"column":26},"end":{"line":133,"column":28}},"loc":{"start":{"line":133,"column":43},"end":{"line":135,"column":21}}}},"branchMap":{"0":{"loc":{"start":{"line":72,"column":8},"end":{"line":72,"column":69}},"type":"default-arg","locations":[{"start":{"line":72,"column":53},"end":{"line":72,"column":69}}]},"1":{"loc":{"start":{"line":79,"column":8},"end":{"line":79,"column":69}},"type":"default-arg","locations":[{"start":{"line":79,"column":53},"end":{"line":79,"column":69}}]},"2":{"loc":{"start":{"line":86,"column":8},"end":{"line":86,"column":69}},"type":"default-arg","locations":[{"start":{"line":86,"column":53},"end":{"line":86,"column":69}}]},"3":{"loc":{"start":{"line":94,"column":8},"end":{"line":94,"column":69}},"type":"default-arg","locations":[{"start":{"line":94,"column":53},"end":{"line":94,"column":69}}]},"4":{"loc":{"start":{"line":111,"column":4},"end":{"line":113,"column":5}},"type":"default-arg","locations":[{"start":{"line":111,"column":63},"end":{"line":113,"column":5}}]},"5":{"loc":{"start":{"line":123,"column":12},"end":{"line":125,"column":13}},"type":"if","locations":[{"start":{"line":123,"column":12},"end":{"line":125,"column":13}}]},"6":{"loc":{"start":{"line":128,"column":12},"end":{"line":138,"column":13}},"type":"if","locations":[{"start":{"line":128,"column":12},"end":{"line":138,"column":13}},{"start":{"line":136,"column":19},"end":{"line":138,"column":13}}]},"7":{"loc":{"start":{"line":141,"column":54},"end":{"line":141,"column":84}},"type":"cond-expr","locations":[{"start":{"line":141,"column":54},"end":{"line":141,"column":62}},{"start":{"line":141,"column":66},"end":{"line":141,"column":84}}]},"8":{"loc":{"start":{"line":141,"column":54},"end":{"line":141,"column":66}},"type":"binary-expr","locations":[{"start":{"line":141,"column":54},"end":{"line":141,"column":66}},{"start":{"line":141,"column":54},"end":{"line":141,"column":66}}]}},"s":{"0":7,"1":7,"2":6,"3":13,"4":3,"5":2,"6":2,"7":2,"8":2,"9":2,"10":6,"11":6,"12":13,"13":7,"14":7,"15":7,"16":6,"17":6,"18":6,"19":1,"20":1,"21":0,"22":1,"23":1,"24":1,"25":1,"26":0,"27":0,"28":6},"f":{"0":7,"1":6,"2":13,"3":3,"4":2,"5":2,"6":2,"7":2,"8":2,"9":6,"10":13,"11":6,"12":6,"13":1,"14":1,"15":0},"b":{"0":[1],"1":[1],"2":[1],"3":[0],"4":[0],"5":[0],"6":[1,0],"7":[0,6],"8":[6,6]}}
,"/Users/adriendeperetti/Documents/02-personnel/01-projects/medusa-extender/src/decorators/utils.ts": {"path":"/Users/adriendeperetti/Documents/02-personnel/01-projects/medusa-extender/src/decorators/utils.ts","statementMap":{"0":{"start":{"line":4,"column":16},"end":{"line":4,"column":null}},"1":{"start":{"line":2,"column":88},"end":{"line":2,"column":null}},"2":{"start":{"line":7,"column":1},"end":{"line":9,"column":null}},"3":{"start":{"line":8,"column":2},"end":{"line":8,"column":null}}},"fnMap":{"0":{"name":"buildComponentDecorator","decl":{"start":{"line":4,"column":16},"end":{"line":4,"column":39}},"loc":{"start":{"line":6,"column":18},"end":{"line":10,"column":1}}},"1":{"name":"(anonymous_1)","decl":{"start":{"line":7,"column":7},"end":{"line":7,"column":9}},"loc":{"start":{"line":7,"column":28},"end":{"line":9,"column":2}}}},"branchMap":{},"s":{"0":7,"1":7,"2":18,"3":18},"f":{"0":18,"1":18},"b":{}}
,"/Users/adriendeperetti/Documents/02-personnel/01-projects/medusa-extender/src/loaders/api.loader.ts": {"path":"/Users/adriendeperetti/Documents/02-personnel/01-projects/medusa-extender/src/loaders/api.loader.ts","statementMap":{"0":{"start":{"line":12,"column":22},"end":{"line":12,"column":32}},"1":{"start":{"line":1,"column":56},"end":{"line":1,"column":null}},"2":{"start":{"line":13,"column":32},"end":{"line":13,"column":null}},"3":{"start":{"line":14,"column":27},"end":{"line":14,"column":44}},"4":{"start":{"line":15,"column":1},"end":{"line":18,"column":null}},"5":{"start":{"line":1,"column":34},"end":{"line":16,"column":null}},"6":{"start":{"line":17,"column":2},"end":{"line":17,"column":null}}},"fnMap":{"0":{"name":"apiLoader","decl":{"start":{"line":12,"column":22},"end":{"line":12,"column":31}},"loc":{"start":{"line":12,"column":110},"end":{"line":19,"column":1}}},"1":{"name":"(anonymous_2)","decl":{"start":{"line":15,"column":18},"end":{"line":15,"column":28}},"loc":{"start":{"line":15,"column":108},"end":{"line":18,"column":2}}}},"branchMap":{},"s":{"0":7,"1":7,"2":0,"3":0,"4":0,"5":0,"6":0},"f":{"0":0,"1":0},"b":{}}
,"/Users/adriendeperetti/Documents/02-personnel/01-projects/medusa-extender/src/loaders/database.loader.ts": {"path":"/Users/adriendeperetti/Documents/02-personnel/01-projects/medusa-extender/src/loaders/database.loader.ts","statementMap":{"0":{"start":{"line":5,"column":22},"end":{"line":5,"column":null}},"1":{"start":{"line":1,"column":56},"end":{"line":1,"column":null}},"2":{"start":{"line":2,"column":50},"end":{"line":2,"column":null}},"3":{"start":{"line":9,"column":37},"end":{"line":9,"column":null}},"4":{"start":{"line":10,"column":32},"end":{"line":10,"column":54}},"5":{"start":{"line":11,"column":1},"end":{"line":15,"column":null}},"6":{"start":{"line":12,"column":2},"end":{"line":12,"column":null}},"7":{"start":{"line":13,"column":2},"end":{"line":13,"column":null}},"8":{"start":{"line":14,"column":2},"end":{"line":14,"column":null}}},"fnMap":{"0":{"name":"databaseLoader","decl":{"start":{"line":5,"column":22},"end":{"line":5,"column":36}},"loc":{"start":{"line":8,"column":17},"end":{"line":16,"column":1}}},"1":{"name":"(anonymous_2)","decl":{"start":{"line":11,"column":23},"end":{"line":11,"column":33}},"loc":{"start":{"line":11,"column":65},"end":{"line":15,"column":2}}}},"branchMap":{},"s":{"0":7,"1":7,"2":7,"3":0,"4":0,"5":0,"6":0,"7":0,"8":0},"f":{"0":0,"1":0},"b":{}}
,"/Users/adriendeperetti/Documents/02-personnel/01-projects/medusa-extender/src/loaders/entities.loader.ts": {"path":"/Users/adriendeperetti/Documents/02-personnel/01-projects/medusa-extender/src/loaders/entities.loader.ts","statementMap":{"0":{"start":{"line":5,"column":22},"end":{"line":5,"column":null}},"1":{"start":{"line":16,"column":22},"end":{"line":16,"column":45}},"2":{"start":{"line":30,"column":16},"end":{"line":30,"column":31}},"3":{"start":{"line":50,"column":22},"end":{"line":50,"column":37}},"4":{"start":{"line":1,"column":69},"end":{"line":1,"column":null}},"5":{"start":{"line":2,"column":58},"end":{"line":2,"column":null}},"6":{"start":{"line":3,"column":37},"end":{"line":3,"column":null}},"7":{"start":{"line":9,"column":1},"end":{"line":13,"column":2}},"8":{"start":{"line":10,"column":2},"end":{"line":12,"column":3}},"9":{"start":{"line":11,"column":3},"end":{"line":11,"column":null}},"10":{"start":{"line":17,"column":1},"end":{"line":21,"column":2}},"11":{"start":{"line":18,"column":2},"end":{"line":20,"column":3}},"12":{"start":{"line":19,"column":3},"end":{"line":19,"column":null}},"13":{"start":{"line":31,"column":45},"end":{"line":31,"column":58}},"14":{"start":{"line":32,"column":1},"end":{"line":34,"column":2}},"15":{"start":{"line":33,"column":2},"end":{"line":33,"column":null}},"16":{"start":{"line":35,"column":1},"end":{"line":37,"column":null}},"17":{"start":{"line":39,"column":2},"end":{"line":39,"column":null}},"18":{"start":{"line":1,"column":65},"end":{"line":41,"column":null}},"19":{"start":{"line":42,"column":1},"end":{"line":42,"column":null}},"20":{"start":{"line":51,"column":40},"end":{"line":51,"column":53}},"21":{"start":{"line":53,"column":15},"end":{"line":53,"column":null}},"22":{"start":{"line":54,"column":43},"end":{"line":54,"column":null}},"23":{"start":{"line":3,"column":28},"end":{"line":56,"column":null}},"24":{"start":{"line":57,"column":1},"end":{"line":57,"column":null}},"25":{"start":{"line":1,"column":65},"end":{"line":59,"column":null}},"26":{"start":{"line":60,"column":1},"end":{"line":60,"column":null}}},"fnMap":{"0":{"name":"entitiesLoader","decl":{"start":{"line":5,"column":22},"end":{"line":5,"column":36}},"loc":{"start":{"line":8,"column":17},"end":{"line":14,"column":1}}},"1":{"name":"overrideEntitiesLoader","decl":{"start":{"line":16,"column":22},"end":{"line":16,"column":44}},"loc":{"start":{"line":16,"column":102},"end":{"line":22,"column":1}}},"2":{"name":"registerEntity","decl":{"start":{"line":30,"column":16},"end":{"line":30,"column":30}},"loc":{"start":{"line":30,"column":105},"end":{"line":43,"column":1}}},"3":{"name":"overrideEntity","decl":{"start":{"line":50,"column":22},"end":{"line":50,"column":36}},"loc":{"start":{"line":50,"column":98},"end":{"line":61,"column":1}}}},"branchMap":{"0":{"loc":{"start":{"line":10,"column":2},"end":{"line":12,"column":3}},"type":"if","locations":[{"start":{"line":10,"column":2},"end":{"line":12,"column":3}}]},"1":{"loc":{"start":{"line":18,"column":2},"end":{"line":20,"column":3}},"type":"if","locations":[{"start":{"line":18,"column":2},"end":{"line":20,"column":3}}]},"2":{"loc":{"start":{"line":32,"column":1},"end":{"line":34,"column":2}},"type":"if","locations":[{"start":{"line":32,"column":1},"end":{"line":34,"column":2}}]}},"s":{"0":7,"1":7,"2":7,"3":7,"4":7,"5":7,"6":7,"7":1,"8":1,"9":1,"10":1,"11":1,"12":1,"13":2,"14":2,"15":0,"16":2,"17":2,"18":2,"19":2,"20":1,"21":1,"22":1,"23":1,"24":1,"25":1,"26":1},"f":{"0":1,"1":1,"2":2,"3":1},"b":{"0":[1],"1":[1],"2":[0]}}
,"/Users/adriendeperetti/Documents/02-personnel/01-projects/medusa-extender/src/loaders/middlewares.loader.ts": {"path":"/Users/adriendeperetti/Documents/02-personnel/01-projects/medusa-extender/src/loaders/middlewares.loader.ts","statementMap":{"0":{"start":{"line":13,"column":16},"end":{"line":13,"column":null}},"1":{"start":{"line":4,"column":48},"end":{"line":4,"column":null}},"2":{"start":{"line":18,"column":33},"end":{"line":18,"column":null}},"3":{"start":{"line":20,"column":1},"end":{"line":40,"column":2}},"4":{"start":{"line":23,"column":36},"end":{"line":23,"column":53}},"5":{"start":{"line":24,"column":21},"end":{"line":24,"column":null}},"6":{"start":{"line":25,"column":2},"end":{"line":37,"column":3}},"7":{"start":{"line":26,"column":3},"end":{"line":26,"column":null}},"8":{"start":{"line":27,"column":3},"end":{"line":29,"column":null}},"9":{"start":{"line":32,"column":3},"end":{"line":32,"column":null}},"10":{"start":{"line":33,"column":3},"end":{"line":35,"column":null}},"11":{"start":{"line":39,"column":2},"end":{"line":39,"column":null}}},"fnMap":{"0":{"name":"middlewaresLoader","decl":{"start":{"line":13,"column":16},"end":{"line":13,"column":33}},"loc":{"start":{"line":17,"column":8},"end":{"line":41,"column":1}}}},"branchMap":{"0":{"loc":{"start":{"line":25,"column":2},"end":{"line":37,"column":3}},"type":"if","locations":[{"start":{"line":25,"column":2},"end":{"line":37,"column":3}},{"start":{"line":31,"column":9},"end":{"line":37,"column":3}}]}},"s":{"0":7,"1":7,"2":1,"3":1,"4":2,"5":2,"6":2,"7":1,"8":1,"9":1,"10":1,"11":2},"f":{"0":1},"b":{"0":[1,1]}}
,"/Users/adriendeperetti/Documents/02-personnel/01-projects/medusa-extender/src/loaders/migrations.loader.ts": {"path":"/Users/adriendeperetti/Documents/02-personnel/01-projects/medusa-extender/src/loaders/migrations.loader.ts","statementMap":{"0":{"start":{"line":10,"column":22},"end":{"line":10,"column":null}},"1":{"start":{"line":2,"column":48},"end":{"line":2,"column":null}},"2":{"start":{"line":14,"column":1},"end":{"line":16,"column":2}},"3":{"start":{"line":15,"column":2},"end":{"line":15,"column":null}},"4":{"start":{"line":18,"column":1},"end":{"line":26,"column":null}},"5":{"start":{"line":19,"column":2},"end":{"line":25,"column":3}},"6":{"start":{"line":2,"column":44},"end":{"line":22,"column":null}},"7":{"start":{"line":24,"column":3},"end":{"line":24,"column":null}}},"fnMap":{"0":{"name":"migrationsLoader","decl":{"start":{"line":10,"column":22},"end":{"line":10,"column":38}},"loc":{"start":{"line":13,"column":17},"end":{"line":27,"column":1}}},"1":{"name":"(anonymous_1)","decl":{"start":{"line":18,"column":40},"end":{"line":18,"column":42}},"loc":{"start":{"line":18,"column":73},"end":{"line":26,"column":2}}}},"branchMap":{},"s":{"0":7,"1":7,"2":0,"3":0,"4":0,"5":0,"6":0,"7":0},"f":{"0":0,"1":0},"b":{}}
,"/Users/adriendeperetti/Documents/02-personnel/01-projects/medusa-extender/src/loaders/plugins.loader.ts": {"path":"/Users/adriendeperetti/Documents/02-personnel/01-projects/medusa-extender/src/loaders/plugins.loader.ts","statementMap":{"0":{"start":{"line":11,"column":22},"end":{"line":11,"column":49}},"1":{"start":{"line":4,"column":53},"end":{"line":4,"column":null}},"2":{"start":{"line":12,"column":35},"end":{"line":12,"column":null}},"3":{"start":{"line":13,"column":30},"end":{"line":13,"column":50}},"4":{"start":{"line":14,"column":1},"end":{"line":32,"column":null}},"5":{"start":{"line":20,"column":2},"end":{"line":28,"column":null}},"6":{"start":{"line":26,"column":4},"end":{"line":26,"column":null}},"7":{"start":{"line":27,"column":4},"end":{"line":27,"column":null}},"8":{"start":{"line":31,"column":2},"end":{"line":31,"column":null}}},"fnMap":{"0":{"name":"pluginsLoadersAndListeners","decl":{"start":{"line":11,"column":22},"end":{"line":11,"column":48}},"loc":{"start":{"line":11,"column":78},"end":{"line":33,"column":1}}},"1":{"name":"(anonymous_2)","decl":{"start":{"line":14,"column":21},"end":{"line":14,"column":31}},"loc":{"start":{"line":19,"column":7},"end":{"line":32,"column":2}}},"2":{"name":"(anonymous_3)","decl":{"start":{"line":20,"column":9},"end":{"line":20,"column":null}},"loc":{"start":{"line":25,"column":23},"end":{"line":28,"column":4}}}},"branchMap":{},"s":{"0":7,"1":7,"2":0,"3":0,"4":0,"5":0,"6":0,"7":0,"8":0},"f":{"0":0,"1":0,"2":0},"b":{}}
,"/Users/adriendeperetti/Documents/02-personnel/01-projects/medusa-extender/src/loaders/repository.loader.ts": {"path":"/Users/adriendeperetti/Documents/02-personnel/01-projects/medusa-extender/src/loaders/repository.loader.ts","statementMap":{"0":{"start":{"line":5,"column":22},"end":{"line":5,"column":null}},"1":{"start":{"line":16,"column":22},"end":{"line":16,"column":49}},"2":{"start":{"line":30,"column":16},"end":{"line":30,"column":35}},"3":{"start":{"line":49,"column":22},"end":{"line":49,"column":41}},"4":{"start":{"line":1,"column":69},"end":{"line":1,"column":null}},"5":{"start":{"line":2,"column":49},"end":{"line":2,"column":null}},"6":{"start":{"line":3,"column":48},"end":{"line":3,"column":null}},"7":{"start":{"line":9,"column":1},"end":{"line":13,"column":2}},"8":{"start":{"line":10,"column":2},"end":{"line":12,"column":3}},"9":{"start":{"line":11,"column":3},"end":{"line":11,"column":null}},"10":{"start":{"line":17,"column":1},"end":{"line":21,"column":2}},"11":{"start":{"line":18,"column":2},"end":{"line":20,"column":3}},"12":{"start":{"line":19,"column":3},"end":{"line":19,"column":null}},"13":{"start":{"line":31,"column":49},"end":{"line":31,"column":66}},"14":{"start":{"line":32,"column":1},"end":{"line":34,"column":2}},"15":{"start":{"line":33,"column":2},"end":{"line":33,"column":null}},"16":{"start":{"line":36,"column":1},"end":{"line":38,"column":null}},"17":{"start":{"line":1,"column":65},"end":{"line":40,"column":null}},"18":{"start":{"line":41,"column":1},"end":{"line":41,"column":null}},"19":{"start":{"line":50,"column":32},"end":{"line":50,"column":49}},"20":{"start":{"line":52,"column":19},"end":{"line":52,"column":null}},"21":{"start":{"line":53,"column":23},"end":{"line":53,"column":99}},"22":{"start":{"line":54,"column":14},"end":{"line":54,"column":null}},"23":{"start":{"line":55,"column":15},"end":{"line":55,"column":null}},"24":{"start":{"line":57,"column":41},"end":{"line":57,"column":null}},"25":{"start":{"line":58,"column":30},"end":{"line":60,"column":null}},"26":{"start":{"line":59,"column":2},"end":{"line":59,"column":null}},"27":{"start":{"line":61,"column":1},"end":{"line":63,"column":2}},"28":{"start":{"line":3,"column":39},"end":{"line":62,"column":null}},"29":{"start":{"line":64,"column":1},"end":{"line":64,"column":null}},"30":{"start":{"line":1,"column":65},"end":{"line":66,"column":null}},"31":{"start":{"line":67,"column":1},"end":{"line":67,"column":null}}},"fnMap":{"0":{"name":"repositoriesLoader","decl":{"start":{"line":5,"column":22},"end":{"line":5,"column":40}},"loc":{"start":{"line":8,"column":17},"end":{"line":14,"column":1}}},"1":{"name":"overrideRepositoriesLoader","decl":{"start":{"line":16,"column":22},"end":{"line":16,"column":48}},"loc":{"start":{"line":16,"column":114},"end":{"line":22,"column":1}}},"2":{"name":"registerRepository","decl":{"start":{"line":30,"column":16},"end":{"line":30,"column":34}},"loc":{"start":{"line":30,"column":117},"end":{"line":42,"column":1}}},"3":{"name":"overrideRepository","decl":{"start":{"line":49,"column":22},"end":{"line":49,"column":40}},"loc":{"start":{"line":49,"column":110},"end":{"line":68,"column":1}}},"4":{"name":"(anonymous_5)","decl":{"start":{"line":58,"column":86},"end":{"line":58,"column":88}},"loc":{"start":{"line":58,"column":103},"end":{"line":60,"column":2}}}},"branchMap":{"0":{"loc":{"start":{"line":10,"column":2},"end":{"line":12,"column":3}},"type":"if","locations":[{"start":{"line":10,"column":2},"end":{"line":12,"column":3}}]},"1":{"loc":{"start":{"line":18,"column":2},"end":{"line":20,"column":3}},"type":"if","locations":[{"start":{"line":18,"column":2},"end":{"line":20,"column":3}}]},"2":{"loc":{"start":{"line":32,"column":1},"end":{"line":34,"column":2}},"type":"if","locations":[{"start":{"line":32,"column":1},"end":{"line":34,"column":2}}]},"3":{"loc":{"start":{"line":53,"column":23},"end":{"line":53,"column":99}},"type":"cond-expr","locations":[{"start":{"line":53,"column":46},"end":{"line":53,"column":90}},{"start":{"line":53,"column":90},"end":{"line":53,"column":99}}]},"4":{"loc":{"start":{"line":54,"column":14},"end":{"line":54,"column":null}},"type":"cond-expr","locations":[{"start":{"line":54,"column":41},"end":{"line":54,"column":66}},{"start":{"line":54,"column":66},"end":{"line":54,"column":null}}]},"5":{"loc":{"start":{"line":59,"column":9},"end":{"line":59,"column":83}},"type":"binary-expr","locations":[{"start":{"line":59,"column":9},"end":{"line":59,"column":49}},{"start":{"line":59,"column":53},"end":{"line":59,"column":83}}]},"6":{"loc":{"start":{"line":61,"column":1},"end":{"line":63,"column":2}},"type":"if","locations":[{"start":{"line":61,"column":1},"end":{"line":63,"column":2}}]}},"s":{"0":7,"1":7,"2":7,"3":7,"4":7,"5":7,"6":7,"7":1,"8":1,"9":1,"10":1,"11":1,"12":1,"13":1,"14":1,"15":0,"16":1,"17":1,"18":1,"19":1,"20":1,"21":1,"22":1,"23":1,"24":1,"25":1,"26":1,"27":1,"28":1,"29":1,"30":1,"31":1},"f":{"0":1,"1":1,"2":1,"3":1,"4":1},"b":{"0":[1],"1":[1],"2":[0],"3":[1,0],"4":[0,1],"5":[1,1],"6":[1]}}
,"/Users/adriendeperetti/Documents/02-personnel/01-projects/medusa-extender/src/loaders/routes.loader.ts": {"path":"/Users/adriendeperetti/Documents/02-personnel/01-projects/medusa-extender/src/loaders/routes.loader.ts","statementMap":{"0":{"start":{"line":4,"column":16},"end":{"line":4,"column":42}},"1":{"start":{"line":14,"column":16},"end":{"line":14,"column":44}},"2":{"start":{"line":5,"column":1},"end":{"line":11,"column":2}},"3":{"start":{"line":6,"column":2},"end":{"line":10,"column":null}},"4":{"start":{"line":7,"column":3},"end":{"line":9,"column":4}},"5":{"start":{"line":8,"column":4},"end":{"line":8,"column":null}},"6":{"start":{"line":15,"column":1},"end":{"line":21,"column":2}},"7":{"start":{"line":16,"column":2},"end":{"line":20,"column":null}},"8":{"start":{"line":17,"column":3},"end":{"line":19,"column":4}},"9":{"start":{"line":18,"column":4},"end":{"line":18,"column":null}},"10":{"start":{"line":25,"column":35},"end":{"line":25,"column":41}},"11":{"start":{"line":26,"column":1},"end":{"line":34,"column":null}},"12":{"start":{"line":29,"column":3},"end":{"line":33,"column":4}},"13":{"start":{"line":30,"column":4},"end":{"line":30,"column":null}},"14":{"start":{"line":32,"column":4},"end":{"line":32,"column":null}}},"fnMap":{"0":{"name":"authenticatedRoutesLoader","decl":{"start":{"line":4,"column":16},"end":{"line":4,"column":41}},"loc":{"start":{"line":4,"column":109},"end":{"line":12,"column":1}}},"1":{"name":"(anonymous_1)","decl":{"start":{"line":6,"column":29},"end":{"line":6,"column":31}},"loc":{"start":{"line":6,"column":42},"end":{"line":10,"column":3}}},"2":{"name":"unauthenticatedRoutesLoader","decl":{"start":{"line":14,"column":16},"end":{"line":14,"column":43}},"loc":{"start":{"line":14,"column":111},"end":{"line":22,"column":1}}},"3":{"name":"(anonymous_3)","decl":{"start":{"line":16,"column":29},"end":{"line":16,"column":31}},"loc":{"start":{"line":16,"column":42},"end":{"line":20,"column":3}}},"4":{"name":"registerRoute","decl":{"start":{"line":24,"column":9},"end":{"line":24,"column":22}},"loc":{"start":{"line":24,"column":87},"end":{"line":36,"column":1}}},"5":{"name":"(anonymous_5)","decl":{"start":{"line":27,"column":6},"end":{"line":27,"column":null}},"loc":{"start":{"line":28,"column":90},"end":{"line":34,"column":3}}}},"branchMap":{"0":{"loc":{"start":{"line":7,"column":3},"end":{"line":9,"column":4}},"type":"if","locations":[{"start":{"line":7,"column":3},"end":{"line":9,"column":4}}]},"1":{"loc":{"start":{"line":17,"column":3},"end":{"line":19,"column":4}},"type":"if","locations":[{"start":{"line":17,"column":3},"end":{"line":19,"column":4}}]}},"s":{"0":7,"1":7,"2":0,"3":0,"4":0,"5":0,"6":0,"7":0,"8":0,"9":0,"10":0,"11":0,"12":0,"13":0,"14":0},"f":{"0":0,"1":0,"2":0,"3":0,"4":0,"5":0},"b":{"0":[0],"1":[0]}}
,"/Users/adriendeperetti/Documents/02-personnel/01-projects/medusa-extender/src/loaders/services.loader.ts": {"path":"/Users/adriendeperetti/Documents/02-personnel/01-projects/medusa-extender/src/loaders/services.loader.ts","statementMap":{"0":{"start":{"line":9,"column":22},"end":{"line":9,"column":37}},"1":{"start":{"line":31,"column":16},"end":{"line":31,"column":null}},"2":{"start":{"line":56,"column":16},"end":{"line":56,"column":null}},"3":{"start":{"line":1,"column":62},"end":{"line":1,"column":null}},"4":{"start":{"line":2,"column":69},"end":{"line":2,"column":null}},"5":{"start":{"line":10,"column":36},"end":{"line":10,"column":null}},"6":{"start":{"line":11,"column":31},"end":{"line":11,"column":52}},"7":{"start":{"line":12,"column":1},"end":{"line":21,"column":null}},"8":{"start":{"line":13,"column":2},"end":{"line":13,"column":null}},"9":{"start":{"line":14,"column":2},"end":{"line":20,"column":3}},"10":{"start":{"line":15,"column":3},"end":{"line":19,"column":4}},"11":{"start":{"line":16,"column":4},"end":{"line":16,"column":null}},"12":{"start":{"line":18,"column":4},"end":{"line":18,"column":null}},"13":{"start":{"line":36,"column":44},"end":{"line":36,"column":58}},"14":{"start":{"line":37,"column":1},"end":{"line":39,"column":2}},"15":{"start":{"line":38,"column":2},"end":{"line":38,"column":null}},"16":{"start":{"line":41,"column":1},"end":{"line":43,"column":null}},"17":{"start":{"line":42,"column":42},"end":{"line":42,"column":78}},"18":{"start":{"line":2,"column":65},"end":{"line":45,"column":null}},"19":{"start":{"line":46,"column":1},"end":{"line":46,"column":null}},"20":{"start":{"line":61,"column":39},"end":{"line":61,"column":53}},"21":{"start":{"line":62,"column":20},"end":{"line":62,"column":null}},"22":{"start":{"line":63,"column":1},"end":{"line":63,"column":null}},"23":{"start":{"line":64,"column":1},"end":{"line":68,"column":null}},"24":{"start":{"line":65,"column":42},"end":{"line":65,"column":78}},"25":{"start":{"line":2,"column":65},"end":{"line":70,"column":null}},"26":{"start":{"line":71,"column":1},"end":{"line":71,"column":null}}},"fnMap":{"0":{"name":"servicesLoader","decl":{"start":{"line":9,"column":22},"end":{"line":9,"column":36}},"loc":{"start":{"line":9,"column":95},"end":{"line":22,"column":1}}},"1":{"name":"(anonymous_2)","decl":{"start":{"line":12,"column":22},"end":{"line":12,"column":26}},"loc":{"start":{"line":12,"column":58},"end":{"line":21,"column":2}}},"2":{"name":"registerService","decl":{"start":{"line":31,"column":16},"end":{"line":31,"column":31}},"loc":{"start":{"line":35,"column":2},"end":{"line":47,"column":1}}},"3":{"name":"(anonymous_4)","decl":{"start":{"line":1,"column":62},"end":{"line":1,"column":null}},"loc":{"start":{"line":42,"column":42},"end":{"line":42,"column":78}}},"4":{"name":"overrideService","decl":{"start":{"line":56,"column":16},"end":{"line":56,"column":31}},"loc":{"start":{"line":60,"column":8},"end":{"line":72,"column":1}}}},"branchMap":{"0":{"loc":{"start":{"line":15,"column":3},"end":{"line":19,"column":4}},"type":"if","locations":[{"start":{"line":15,"column":3},"end":{"line":19,"column":4}},{"start":{"line":17,"column":10},"end":{"line":19,"column":4}}]},"1":{"loc":{"start":{"line":37,"column":1},"end":{"line":39,"column":2}},"type":"if","locations":[{"start":{"line":37,"column":1},"end":{"line":39,"column":2}}]},"2":{"loc":{"start":{"line":42,"column":90},"end":{"line":42,"column":111}},"type":"binary-expr","locations":[{"start":{"line":42,"column":90},"end":{"line":42,"column":95}},{"start":{"line":42,"column":99},"end":{"line":42,"column":111}}]},"3":{"loc":{"start":{"line":66,"column":13},"end":{"line":66,"column":40}},"type":"binary-expr","locations":[{"start":{"line":66,"column":13},"end":{"line":66,"column":18}},{"start":{"line":1,"column":54},"end":{"line":66,"column":40}}]}},"s":{"0":7,"1":7,"2":7,"3":7,"4":7,"5":0,"6":0,"7":0,"8":0,"9":0,"10":0,"11":0,"12":0,"13":1,"14":1,"15":0,"16":1,"17":1,"18":1,"19":1,"20":0,"21":0,"22":0,"23":0,"24":0,"25":0,"26":0},"f":{"0":0,"1":0,"2":1,"3":1,"4":0},"b":{"0":[0,0],"1":[0],"2":[1,1],"3":[0,0]}}
,"/Users/adriendeperetti/Documents/02-personnel/01-projects/medusa-extender/src/loaders/tests/utils/asArray.ts": {"path":"/Users/adriendeperetti/Documents/02-personnel/01-projects/medusa-extender/src/loaders/tests/utils/asArray.ts","statementMap":{"0":{"start":{"line":1,"column":16},"end":{"line":1,"column":24}},"1":{"start":{"line":2,"column":1},"end":{"line":4,"column":null}},"2":{"start":{"line":3,"column":53},"end":{"line":3,"column":null}}},"fnMap":{"0":{"name":"asArray","decl":{"start":{"line":1,"column":16},"end":{"line":1,"column":23}},"loc":{"start":{"line":1,"column":35},"end":{"line":5,"column":1}}},"1":{"name":"(anonymous_2)","decl":{"start":{"line":3,"column":45},"end":{"line":3,"column":47}},"loc":{"start":{"line":3,"column":53},"end":{"line":3,"column":null}}}},"branchMap":{},"s":{"0":1,"1":1,"2":0},"f":{"0":1,"1":0},"b":{}}
}
