{"total": {"lines":{"total":304,"covered":198,"skipped":0,"pct":65.13},"statements":{"total":324,"covered":211,"skipped":0,"pct":65.12},"functions":{"total":79,"covered":51,"skipped":0,"pct":64.55},"branches":{"total":67,"covered":32,"skipped":0,"pct":47.76},"branchesTrue":{"total":0,"covered":0,"skipped":0,"pct":100}}
,"/Users/adriendeperetti/Documents/02-personnel/01-projects/medusa-extender/src/contants.ts": {"lines":{"total":3,"covered":3,"skipped":0,"pct":100},"functions":{"total":0,"covered":0,"skipped":0,"pct":100},"statements":{"total":6,"covered":6,"skipped":0,"pct":100},"branches":{"total":0,"covered":0,"skipped":0,"pct":100}}
,"/Users/adriendeperetti/Documents/02-personnel/01-projects/medusa-extender/src/event-emmiter.ts": {"lines":{"total":30,"covered":25,"skipped":0,"pct":83.33},"functions":{"total":7,"covered":7,"skipped":0,"pct":100},"statements":{"total":32,"covered":26,"skipped":0,"pct":81.25},"branches":{"total":5,"covered":1,"skipped":0,"pct":20}}
,"/Users/adriendeperetti/Documents/02-personnel/01-projects/medusa-extender/src/index.ts": {"lines":{"total":17,"covered":5,"skipped":0,"pct":29.41},"functions":{"total":0,"covered":0,"skipped":0,"pct":100},"statements":{"total":18,"covered":6,"skipped":0,"pct":33.33},"branches":{"total":0,"covered":0,"skipped":0,"pct":100}}
,"/Users/adriendeperetti/Documents/02-personnel/01-projects/medusa-extender/src/loader.ts": {"lines":{"total":15,"covered":5,"skipped":0,"pct":33.33},"functions":{"total":1,"covered":0,"skipped":0,"pct":0},"statements":{"total":18,"covered":5,"skipped":0,"pct":27.77},"branches":{"total":0,"covered":0,"skipped":0,"pct":100}}
,"/Users/adriendeperetti/Documents/02-personnel/01-projects/medusa-extender/src/medusa.ts": {"lines":{"total":7,"covered":4,"skipped":0,"pct":57.14},"functions":{"total":2,"covered":0,"skipped":0,"pct":0},"statements":{"total":7,"covered":4,"skipped":0,"pct":57.14},"branches":{"total":0,"covered":0,"skipped":0,"pct":100}}
,"/Users/adriendeperetti/Documents/02-personnel/01-projects/medusa-extender/src/metadata-reader.ts": {"lines":{"total":16,"covered":16,"skipped":0,"pct":100},"functions":{"total":3,"covered":3,"skipped":0,"pct":100},"statements":{"total":16,"covered":16,"skipped":0,"pct":100},"branches":{"total":8,"covered":8,"skipped":0,"pct":100}}
,"/Users/adriendeperetti/Documents/02-personnel/01-projects/medusa-extender/src/utils.ts": {"lines":{"total":28,"covered":8,"skipped":0,"pct":28.57},"functions":{"total":8,"covered":3,"skipped":0,"pct":37.5},"statements":{"total":28,"covered":8,"skipped":0,"pct":28.57},"branches":{"total":18,"covered":3,"skipped":0,"pct":16.66}}
,"/Users/adriendeperetti/Documents/02-personnel/01-projects/medusa-extender/src/decorators/components.decorator.ts": {"lines":{"total":13,"covered":13,"skipped":0,"pct":100},"functions":{"total":6,"covered":6,"skipped":0,"pct":100},"statements":{"total":13,"covered":13,"skipped":0,"pct":100},"branches":{"total":0,"covered":0,"skipped":0,"pct":100}}
,"/Users/adriendeperetti/Documents/02-personnel/01-projects/medusa-extender/src/decorators/module.decorator.ts": {"lines":{"total":4,"covered":4,"skipped":0,"pct":100},"functions":{"total":2,"covered":2,"skipped":0,"pct":100},"statements":{"total":4,"covered":4,"skipped":0,"pct":100},"branches":{"total":0,"covered":0,"skipped":0,"pct":100}}
,"/Users/adriendeperetti/Documents/02-personnel/01-projects/medusa-extender/src/decorators/onMedusaEntityEvent.decorator.ts": {"lines":{"total":28,"covered":25,"skipped":0,"pct":89.28},"functions":{"total":16,"covered":15,"skipped":0,"pct":93.75},"statements":{"total":29,"covered":26,"skipped":0,"pct":89.65},"branches":{"total":12,"covered":7,"skipped":0,"pct":58.33}}
,"/Users/adriendeperetti/Documents/02-personnel/01-projects/medusa-extender/src/decorators/utils.ts": {"lines":{"total":4,"covered":4,"skipped":0,"pct":100},"functions":{"total":2,"covered":2,"skipped":0,"pct":100},"statements":{"total":4,"covered":4,"skipped":0,"pct":100},"branches":{"total":0,"covered":0,"skipped":0,"pct":100}}
,"/Users/adriendeperetti/Documents/02-personnel/01-projects/medusa-extender/src/loaders/api.loader.ts": {"lines":{"total":6,"covered":2,"skipped":0,"pct":33.33},"functions":{"total":2,"covered":0,"skipped":0,"pct":0},"statements":{"total":7,"covered":2,"skipped":0,"pct":28.57},"branches":{"total":0,"covered":0,"skipped":0,"pct":100}}
,"/Users/adriendeperetti/Documents/02-personnel/01-projects/medusa-extender/src/loaders/database.loader.ts": {"lines":{"total":9,"covered":3,"skipped":0,"pct":33.33},"functions":{"total":2,"covered":0,"skipped":0,"pct":0},"statements":{"total":9,"covered":3,"skipped":0,"pct":33.33},"branches":{"total":0,"covered":0,"skipped":0,"pct":100}}
,"/Users/adriendeperetti/Documents/02-personnel/01-projects/medusa-extender/src/loaders/entities.loader.ts": {"lines":{"total":24,"covered":23,"skipped":0,"pct":95.83},"functions":{"total":4,"covered":4,"skipped":0,"pct":100},"statements":{"total":27,"covered":26,"skipped":0,"pct":96.29},"branches":{"total":3,"covered":2,"skipped":0,"pct":66.66}}
,"/Users/adriendeperetti/Documents/02-personnel/01-projects/medusa-extender/src/loaders/middlewares.loader.ts": {"lines":{"total":12,"covered":12,"skipped":0,"pct":100},"functions":{"total":1,"covered":1,"skipped":0,"pct":100},"statements":{"total":12,"covered":12,"skipped":0,"pct":100},"branches":{"total":2,"covered":2,"skipped":0,"pct":100}}
,"/Users/adriendeperetti/Documents/02-personnel/01-projects/medusa-extender/src/loaders/migrations.loader.ts": {"lines":{"total":7,"covered":2,"skipped":0,"pct":28.57},"functions":{"total":2,"covered":0,"skipped":0,"pct":0},"statements":{"total":8,"covered":2,"skipped":0,"pct":25},"branches":{"total":0,"covered":0,"skipped":0,"pct":100}}
,"/Users/adriendeperetti/Documents/02-personnel/01-projects/medusa-extender/src/loaders/plugins.loader.ts": {"lines":{"total":9,"covered":2,"skipped":0,"pct":22.22},"functions":{"total":3,"covered":0,"skipped":0,"pct":0},"statements":{"total":9,"covered":2,"skipped":0,"pct":22.22},"branches":{"total":0,"covered":0,"skipped":0,"pct":100}}
,"/Users/adriendeperetti/Documents/02-personnel/01-projects/medusa-extender/src/loaders/repository.loader.ts": {"lines":{"total":29,"covered":28,"skipped":0,"pct":96.55},"functions":{"total":5,"covered":5,"skipped":0,"pct":100},"statements":{"total":32,"covered":31,"skipped":0,"pct":96.87},"branches":{"total":10,"covered":7,"skipped":0,"pct":70}}
,"/Users/adriendeperetti/Documents/02-personnel/01-projects/medusa-extender/src/loaders/routes.loader.ts": {"lines":{"total":15,"covered":2,"skipped":0,"pct":13.33},"functions":{"total":6,"covered":0,"skipped":0,"pct":0},"statements":{"total":15,"covered":2,"skipped":0,"pct":13.33},"branches":{"total":2,"covered":0,"skipped":0,"pct":0}}
,"/Users/adriendeperetti/Documents/02-personnel/01-projects/medusa-extender/src/loaders/services.loader.ts": {"lines":{"total":25,"covered":10,"skipped":0,"pct":40},"functions":{"total":5,"covered":2,"skipped":0,"pct":40},"statements":{"total":27,"covered":11,"skipped":0,"pct":40.74},"branches":{"total":7,"covered":2,"skipped":0,"pct":28.57}}
,"/Users/adriendeperetti/Documents/02-personnel/01-projects/medusa-extender/src/loaders/tests/utils/asArray.ts": {"lines":{"total":3,"covered":2,"skipped":0,"pct":66.66},"functions":{"total":2,"covered":1,"skipped":0,"pct":50},"statements":{"total":3,"covered":2,"skipped":0,"pct":66.66},"branches":{"total":0,"covered":0,"skipped":0,"pct":100}}
}
