TN:
SF:src/contants.ts
FNF:0
FNH:0
DA:4,7
DA:9,7
DA:14,7
LF:3
LH:3
BRF:0
BRH:0
end_of_record
TN:
SF:src/event-emmiter.ts
FN:31,(anonymous_1)
FN:43,(anonymous_2)
FN:68,(anonymous_3)
FN:79,(anonymous_4)
FN:86,(anonymous_5)
FN:89,(anonymous_6)
FN:21,(anonymous_7)
FNF:7
FNH:7
FNDA:6,(anonymous_1)
FNDA:1,(anonymous_2)
FNDA:1,(anonymous_3)
FNDA:1,(anonymous_4)
FNDA:1,(anonymous_5)
FNDA:1,(anonymous_6)
FNDA:7,(anonymous_7)
DA:1,7
DA:4,7
DA:19,7
DA:22,7
DA:32,6
DA:33,6
DA:34,0
DA:36,6
DA:44,1
DA:46,1
DA:47,6
DA:48,6
DA:51,6
DA:54,6
DA:55,6
DA:57,0
DA:58,0
DA:61,0
DA:64,6
DA:69,1
DA:70,6
DA:71,6
DA:81,1
DA:82,1
DA:83,0
DA:86,1
DA:87,1
DA:90,1
DA:91,1
DA:102,7
LF:30
LH:25
BRDA:33,0,0,0
BRDA:54,1,0,6
BRDA:54,1,1,0
BRDA:82,2,0,0
BRDA:90,3,0,0
BRF:5
BRH:1
end_of_record
TN:
SF:src/index.ts
FNF:0
FNH:0
DA:4,0
DA:5,14
DA:8,1
DA:9,0
DA:10,0
DA:11,0
DA:12,0
DA:13,0
DA:14,0
DA:15,0
DA:16,1
DA:17,0
DA:18,0
DA:19,0
DA:20,0
DA:23,7
DA:25,7
LF:17
LH:5
BRF:0
BRH:0
end_of_record
TN:
SF:src/loader.ts
FN:34,(anonymous_0)
FNF:1
FNH:0
FNDA:0,(anonymous_0)
DA:1,7
DA:5,7
DA:6,7
DA:17,7
DA:29,7
DA:36,0
DA:38,0
DA:39,0
DA:40,0
DA:41,0
DA:42,0
DA:43,0
DA:46,0
DA:53,0
DA:56,0
LF:15
LH:5
BRF:0
BRH:0
end_of_record
TN:
SF:src/medusa.ts
FN:22,(anonymous_2)
FN:14,(anonymous_3)
FNF:2
FNH:0
FNDA:0,(anonymous_2)
FNDA:0,(anonymous_3)
DA:2,7
DA:7,7
DA:8,7
DA:9,7
DA:16,0
DA:17,0
DA:24,0
LF:7
LH:4
BRF:0
BRH:0
end_of_record
TN:
SF:src/metadata-reader.ts
FN:6,(anonymous_4)
FN:15,metadataReader
FN:43,componentsMetadataReader
FNF:3
FNH:3
FNDA:15,(anonymous_4)
FNDA:6,metadataReader
FNDA:14,componentsMetadataReader
DA:2,7
DA:3,7
DA:7,15
DA:15,7
DA:16,6
DA:18,6
DA:19,6
DA:21,6
DA:22,8
DA:25,8
DA:26,1
DA:28,7
DA:31,8
DA:35,6
DA:43,7
DA:46,14
LF:16
LH:16
BRDA:25,0,0,1
BRDA:25,0,1,7
BRDA:25,1,0,8
BRDA:25,1,1,2
BRDA:31,2,0,1
BRDA:31,2,1,7
BRDA:31,3,0,8
BRDA:31,3,1,8
BRF:8
BRH:8
end_of_record
TN:
SF:src/utils.ts
FN:16,(anonymous_0)
FN:21,(anonymous_1)
FN:39,(anonymous_2)
FN:45,(anonymous_3)
FN:60,(anonymous_4)
FN:69,(anonymous_5)
FN:80,(anonymous_6)
FN:100,(anonymous_7)
FNF:8
FNH:3
FNDA:2,(anonymous_0)
FNDA:6,(anonymous_1)
FNDA:0,(anonymous_2)
FNDA:0,(anonymous_3)
FNDA:0,(anonymous_4)
FNDA:8,(anonymous_5)
FNDA:0,(anonymous_6)
FNDA:0,(anonymous_7)
DA:1,7
DA:10,7
DA:21,2
DA:22,6
DA:23,4
DA:31,2
DA:45,0
DA:46,0
DA:49,0
DA:50,0
DA:51,0
DA:53,0
DA:62,0
DA:71,8
DA:72,8
DA:82,0
DA:83,0
DA:84,0
DA:85,0
DA:86,0
DA:87,0
DA:88,0
DA:102,0
DA:103,0
DA:104,0
DA:105,0
DA:107,0
DA:112,0
LF:28
LH:8
BRDA:22,0,0,4
BRDA:22,1,0,6
BRDA:22,1,1,4
BRDA:50,2,0,0
BRDA:50,2,1,0
BRDA:82,3,0,0
BRDA:82,3,1,0
BRDA:84,4,0,0
BRDA:84,4,1,0
BRDA:84,5,0,0
BRDA:84,5,1,0
BRDA:86,6,0,0
BRDA:102,7,0,0
BRDA:102,7,1,0
BRDA:104,8,0,0
BRDA:104,8,1,0
BRDA:112,9,0,0
BRDA:112,9,1,0
BRF:18
BRH:3
end_of_record
TN:
SF:src/decorators/components.decorator.ts
FN:15,Entity
FN:24,Service
FN:33,Repository
FN:42,Middleware
FN:50,Migration
FN:59,Router
FNF:6
FNH:6
FNDA:6,Entity
FNDA:2,Service
FNDA:3,Repository
FNDA:3,Middleware
FNDA:2,Migration
FNDA:1,Router
DA:8,7
DA:15,7
DA:16,6
DA:24,7
DA:25,2
DA:33,7
DA:34,3
DA:42,7
DA:43,3
DA:50,7
DA:51,2
DA:59,7
DA:60,1
LF:13
LH:13
BRF:0
BRH:0
end_of_record
TN:
SF:src/decorators/module.decorator.ts
FN:9,Module
FN:10,(anonymous_1)
FNF:2
FNH:2
FNDA:7,Module
FNDA:7,(anonymous_1)
DA:2,7
DA:9,7
DA:10,7
DA:11,7
LF:4
LH:4
BRF:0
BRH:0
end_of_record
TN:
SF:src/decorators/onMedusaEntityEvent.decorator.ts
FN:46,(anonymous_2)
FN:50,(anonymous_3)
FN:54,(anonymous_4)
FN:58,(anonymous_5)
FN:62,(anonymous_6)
FN:66,(anonymous_7)
FN:70,(anonymous_8)
FN:77,(anonymous_9)
FN:84,(anonymous_10)
FN:91,(anonymous_11)
FN:42,(anonymous_12)
FN:108,OnMedusaEntityEventDecorator
FN:115,(anonymous_14)
FN:117,(anonymous_15)
FN:127,(anonymous_16)
FN:130,(anonymous_17)
FNF:16
FNH:15
FNDA:7,(anonymous_2)
FNDA:6,(anonymous_3)
FNDA:13,(anonymous_4)
FNDA:3,(anonymous_5)
FNDA:2,(anonymous_6)
FNDA:2,(anonymous_7)
FNDA:2,(anonymous_8)
FNDA:2,(anonymous_9)
FNDA:2,(anonymous_10)
FNDA:6,(anonymous_11)
FNDA:13,(anonymous_12)
FNDA:6,OnMedusaEntityEventDecorator
FNDA:6,(anonymous_14)
FNDA:1,(anonymous_15)
FNDA:1,(anonymous_16)
FNDA:0,(anonymous_17)
DA:4,7
DA:38,7
DA:39,7
DA:40,7
DA:43,13
DA:47,7
DA:51,6
DA:55,13
DA:59,3
DA:63,2
DA:67,2
DA:74,2
DA:81,2
DA:88,2
DA:96,6
DA:97,6
DA:115,6
DA:116,6
DA:117,6
DA:118,1
DA:120,1
DA:121,0
DA:124,1
DA:125,1
DA:126,1
DA:128,1
DA:131,0
DA:134,0
LF:28
LH:25
BRDA:72,0,0,1
BRDA:79,1,0,1
BRDA:86,2,0,1
BRDA:94,3,0,0
BRDA:111,4,0,0
BRDA:120,5,0,0
BRDA:125,6,0,1
BRDA:125,6,1,0
BRDA:138,7,0,0
BRDA:138,7,1,6
BRDA:138,8,0,6
BRDA:138,8,1,6
BRF:12
BRH:7
end_of_record
TN:
SF:src/decorators/utils.ts
FN:4,buildComponentDecorator
FN:7,(anonymous_1)
FNF:2
FNH:2
FNDA:18,buildComponentDecorator
FNDA:18,(anonymous_1)
DA:2,7
DA:4,7
DA:7,18
DA:8,18
LF:4
LH:4
BRF:0
BRH:0
end_of_record
TN:
SF:src/loaders/api.loader.ts
FN:12,apiLoader
FN:15,(anonymous_2)
FNF:2
FNH:0
FNDA:0,apiLoader
FNDA:0,(anonymous_2)
DA:1,7
DA:12,7
DA:13,0
DA:14,0
DA:15,0
DA:17,0
LF:6
LH:2
BRF:0
BRH:0
end_of_record
TN:
SF:src/loaders/database.loader.ts
FN:5,databaseLoader
FN:11,(anonymous_2)
FNF:2
FNH:0
FNDA:0,databaseLoader
FNDA:0,(anonymous_2)
DA:1,7
DA:2,7
DA:5,7
DA:9,0
DA:10,0
DA:11,0
DA:12,0
DA:13,0
DA:14,0
LF:9
LH:3
BRF:0
BRH:0
end_of_record
TN:
SF:src/loaders/entities.loader.ts
FN:5,entitiesLoader
FN:16,overrideEntitiesLoader
FN:30,registerEntity
FN:50,overrideEntity
FNF:4
FNH:4
FNDA:1,entitiesLoader
FNDA:1,overrideEntitiesLoader
FNDA:2,registerEntity
FNDA:1,overrideEntity
DA:1,7
DA:2,7
DA:3,7
DA:5,7
DA:9,1
DA:10,1
DA:11,1
DA:16,7
DA:17,1
DA:18,1
DA:19,1
DA:30,7
DA:31,2
DA:32,2
DA:33,0
DA:35,2
DA:39,2
DA:42,2
DA:50,7
DA:51,1
DA:53,1
DA:54,1
DA:57,1
DA:60,1
LF:24
LH:23
BRDA:10,0,0,1
BRDA:18,1,0,1
BRDA:32,2,0,0
BRF:3
BRH:2
end_of_record
TN:
SF:src/loaders/middlewares.loader.ts
FN:13,middlewaresLoader
FNF:1
FNH:1
FNDA:1,middlewaresLoader
DA:4,7
DA:13,7
DA:18,1
DA:20,1
DA:23,2
DA:24,2
DA:25,2
DA:26,1
DA:27,1
DA:32,1
DA:33,1
DA:39,2
LF:12
LH:12
BRDA:25,0,0,1
BRDA:25,0,1,1
BRF:2
BRH:2
end_of_record
TN:
SF:src/loaders/migrations.loader.ts
FN:10,migrationsLoader
FN:18,(anonymous_1)
FNF:2
FNH:0
FNDA:0,migrationsLoader
FNDA:0,(anonymous_1)
DA:2,7
DA:10,7
DA:14,0
DA:15,0
DA:18,0
DA:19,0
DA:24,0
LF:7
LH:2
BRF:0
BRH:0
end_of_record
TN:
SF:src/loaders/plugins.loader.ts
FN:11,pluginsLoadersAndListeners
FN:14,(anonymous_2)
FN:20,(anonymous_3)
FNF:3
FNH:0
FNDA:0,pluginsLoadersAndListeners
FNDA:0,(anonymous_2)
FNDA:0,(anonymous_3)
DA:4,7
DA:11,7
DA:12,0
DA:13,0
DA:14,0
DA:20,0
DA:26,0
DA:27,0
DA:31,0
LF:9
LH:2
BRF:0
BRH:0
end_of_record
TN:
SF:src/loaders/repository.loader.ts
FN:5,repositoriesLoader
FN:16,overrideRepositoriesLoader
FN:30,registerRepository
FN:49,overrideRepository
FN:58,(anonymous_5)
FNF:5
FNH:5
FNDA:1,repositoriesLoader
FNDA:1,overrideRepositoriesLoader
FNDA:1,registerRepository
FNDA:1,overrideRepository
FNDA:1,(anonymous_5)
DA:1,7
DA:2,7
DA:3,7
DA:5,7
DA:9,1
DA:10,1
DA:11,1
DA:16,7
DA:17,1
DA:18,1
DA:19,1
DA:30,7
DA:31,1
DA:32,1
DA:33,0
DA:36,1
DA:41,1
DA:49,7
DA:50,1
DA:52,1
DA:53,1
DA:54,1
DA:55,1
DA:57,1
DA:58,1
DA:59,1
DA:61,1
DA:64,1
DA:67,1
LF:29
LH:28
BRDA:10,0,0,1
BRDA:18,1,0,1
BRDA:32,2,0,0
BRDA:53,3,0,1
BRDA:53,3,1,0
BRDA:54,4,0,0
BRDA:54,4,1,1
BRDA:59,5,0,1
BRDA:59,5,1,1
BRDA:61,6,0,1
BRF:10
BRH:7
end_of_record
TN:
SF:src/loaders/routes.loader.ts
FN:4,authenticatedRoutesLoader
FN:6,(anonymous_1)
FN:14,unauthenticatedRoutesLoader
FN:16,(anonymous_3)
FN:24,registerRoute
FN:27,(anonymous_5)
FNF:6
FNH:0
FNDA:0,authenticatedRoutesLoader
FNDA:0,(anonymous_1)
FNDA:0,unauthenticatedRoutesLoader
FNDA:0,(anonymous_3)
FNDA:0,registerRoute
FNDA:0,(anonymous_5)
DA:4,7
DA:5,0
DA:6,0
DA:7,0
DA:8,0
DA:14,7
DA:15,0
DA:16,0
DA:17,0
DA:18,0
DA:25,0
DA:26,0
DA:29,0
DA:30,0
DA:32,0
LF:15
LH:2
BRDA:7,0,0,0
BRDA:17,1,0,0
BRF:2
BRH:0
end_of_record
TN:
SF:src/loaders/services.loader.ts
FN:9,servicesLoader
FN:12,(anonymous_2)
FN:31,registerService
FN:1,(anonymous_4)
FN:56,overrideService
FNF:5
FNH:2
FNDA:0,servicesLoader
FNDA:0,(anonymous_2)
FNDA:1,registerService
FNDA:1,(anonymous_4)
FNDA:0,overrideService
DA:1,7
DA:2,7
DA:9,7
DA:10,0
DA:11,0
DA:12,0
DA:13,0
DA:14,0
DA:15,0
DA:16,0
DA:18,0
DA:31,7
DA:36,1
DA:37,1
DA:38,0
DA:41,1
DA:42,1
DA:46,1
DA:56,7
DA:61,0
DA:62,0
DA:63,0
DA:64,0
DA:65,0
DA:71,0
LF:25
LH:10
BRDA:15,0,0,0
BRDA:15,0,1,0
BRDA:37,1,0,0
BRDA:42,2,0,1
BRDA:42,2,1,1
BRDA:66,3,0,0
BRDA:66,3,1,0
BRF:7
BRH:2
end_of_record
TN:
SF:src/loaders/tests/utils/asArray.ts
FN:1,asArray
FN:3,(anonymous_2)
FNF:2
FNH:1
FNDA:1,asArray
FNDA:0,(anonymous_2)
DA:1,1
DA:2,1
DA:3,0
LF:3
LH:2
BRF:0
BRH:0
end_of_record
